<?xml version="1.0" encoding="UTF-8"?>
<!-- Generated by org.testng.reporters.JUnitReportReporter -->
<testsuite hostname="DESKTOP-VQ4FJCQ" failures="0" tests="1" name="mobileAutomation.appium.AppiumBasics" time="10.063" errors="0" timestamp="2022-11-19T19:57:23 IST" skipped="0">
  <testcase classname="mobileAutomation.appium.AppiumBasics" name="AppiumTest" time="10.063"/>
  <system-out/>
</testsuite> <!-- mobileAutomation.appium.AppiumBasics -->
