<?xml version="1.0" encoding="UTF-8"?>
<!-- Generated by org.testng.reporters.JUnitReportReporter -->
<testsuite hostname="DESKTOP-VQ4FJCQ" failures="0" tests="1" name="mobileAutomation.appium.AppiumBasics1" time="1.511" errors="0" timestamp="2022-11-19T19:33:23 IST" skipped="0">
  <testcase classname="mobileAutomation.appium.AppiumBasics1" name="AppiumTest" time="1.511"/>
  <system-out/>
</testsuite> <!-- mobileAutomation.appium.AppiumBasics1 -->
